17 Jan 2022 15:06:21,459 [main] ERROR ru.sfedu.comicsShop.provider.DataProviderCsv - java.lang.NullPointerException: Cannot invoke "java.lang.reflect.Method.getName()" because the return value of "java.lang.Class.getEnclosingMethod()" is null
17 Jan 2022 15:08:08,502 [main] ERROR ru.sfedu.comicsShop.provider.DataProviderCsv - java.lang.NullPointerException: Cannot invoke "java.lang.reflect.Method.getName()" because the return value of "java.lang.Class.getEnclosingMethod()" is null
17 Jan 2022 15:08:08,507 [main] ERROR ru.sfedu.comicsShop.provider.DataProviderCsv - java.lang.NullPointerException: Cannot invoke "java.lang.reflect.Method.getName()" because the return value of "java.lang.Class.getEnclosingMethod()" is null
17 Jan 2022 15:10:52,618 [main] ERROR ru.sfedu.comicsShop.provider.DataProviderCsv - java.lang.NullPointerException: Cannot invoke "java.lang.reflect.Method.getName()" because the return value of "java.lang.Class.getEnclosingMethod()" is null
17 Jan 2022 15:10:52,626 [main] ERROR ru.sfedu.comicsShop.provider.DataProviderCsv - java.lang.NullPointerException: Cannot invoke "java.lang.reflect.Method.getName()" because the return value of "java.lang.Class.getEnclosingMethod()" is null
17 Jan 2022 15:10:53,897 [main] ERROR ru.sfedu.comicsShop.provider.DataProviderCsv - java.lang.NullPointerException: Cannot invoke "java.lang.reflect.Method.getName()" because the return value of "java.lang.Class.getEnclosingMethod()" is null
17 Jan 2022 15:10:53,902 [main] ERROR ru.sfedu.comicsShop.provider.DataProviderCsv - java.lang.NullPointerException: Cannot invoke "java.lang.reflect.Method.getName()" because the return value of "java.lang.Class.getEnclosingMethod()" is null
17 Jan 2022 15:11:23,871 [main] ERROR ru.sfedu.comicsShop.provider.DataProviderCsv - java.lang.NullPointerException: Cannot invoke "java.lang.reflect.Method.getName()" because the return value of "java.lang.Class.getEnclosingMethod()" is null
17 Jan 2022 15:11:23,876 [main] ERROR ru.sfedu.comicsShop.provider.DataProviderCsv - java.lang.NullPointerException: Cannot invoke "java.lang.reflect.Method.getName()" because the return value of "java.lang.Class.getEnclosingMethod()" is null
17 Jan 2022 15:14:11,852 [main] ERROR ru.sfedu.comicsShop.provider.DataProviderCsv - java.lang.NullPointerException: Cannot invoke "java.lang.reflect.Method.getName()" because the return value of "java.lang.Class.getEnclosingMethod()" is null
17 Jan 2022 15:14:11,857 [main] ERROR ru.sfedu.comicsShop.provider.DataProviderCsv - java.lang.NullPointerException: Cannot invoke "java.lang.reflect.Method.getName()" because the return value of "java.lang.Class.getEnclosingMethod()" is null
17 Jan 2022 15:16:19,266 [main] ERROR ru.sfedu.comicsShop.provider.DataProviderCsv - java.lang.NullPointerException: Cannot invoke "java.lang.reflect.Method.getName()" because the return value of "java.lang.Class.getEnclosingMethod()" is null
17 Jan 2022 15:16:19,271 [main] ERROR ru.sfedu.comicsShop.provider.DataProviderCsv - java.lang.NullPointerException: Cannot invoke "java.lang.reflect.Method.getName()" because the return value of "java.lang.Class.getEnclosingMethod()" is null
17 Jan 2022 15:17:39,335 [main] ERROR ru.sfedu.comicsShop.provider.DataProviderCsv - java.lang.NullPointerException: Cannot invoke "java.lang.reflect.Method.getName()" because the return value of "java.lang.Class.getEnclosingMethod()" is null
17 Jan 2022 15:17:39,340 [main] ERROR ru.sfedu.comicsShop.provider.DataProviderCsv - java.lang.NullPointerException: Cannot invoke "java.lang.reflect.Method.getName()" because the return value of "java.lang.Class.getEnclosingMethod()" is null
17 Jan 2022 15:56:37,371 [main] ERROR ru.sfedu.comicsShop.provider.DataProviderCsv - java.util.NoSuchElementException: No value present
17 Jan 2022 15:57:38,791 [main] ERROR ru.sfedu.comicsShop.provider.DataProviderCsv - java.util.NoSuchElementException: No value present
17 Jan 2022 15:58:09,535 [main] ERROR ru.sfedu.comicsShop.provider.DataProviderCsv - java.util.NoSuchElementException: No value present
17 Jan 2022 15:59:29,047 [main] ERROR ru.sfedu.comicsShop.provider.DataProviderCsv - java.util.NoSuchElementException: No value present
17 Jan 2022 16:03:05,992 [main] ERROR ru.sfedu.comicsShop.provider.DataProviderCsv - java.util.NoSuchElementException: No value present
17 Jan 2022 16:04:51,369 [main] ERROR ru.sfedu.comicsShop.provider.DataProviderCsv - java.util.NoSuchElementException: No value present
17 Jan 2022 16:08:10,246 [main] ERROR ru.sfedu.comicsShop.provider.DataProviderCsv - java.util.NoSuchElementException: No value present
17 Jan 2022 16:09:19,423 [main] ERROR ru.sfedu.comicsShop.provider.DataProviderCsv - java.util.NoSuchElementException: No value present
17 Jan 2022 16:11:39,595 [main] ERROR ru.sfedu.comicsShop.provider.DataProviderCsv - java.util.NoSuchElementException: No value present
17 Jan 2022 16:51:18,448 [main] ERROR ru.sfedu.comicsShop.provider.DataProviderCsv - java.lang.RuntimeException: Error parsing CSV line: 2. [-201351880,Item{id=-753616561, name='JoJo's Bizarre Adventure, vol. 1', price=200, amount=1},588157200]
17 Jan 2022 16:53:04,386 [main] ERROR ru.sfedu.comicsShop.provider.DataProviderCsv - java.lang.RuntimeException: Error parsing CSV line: 2. [-745133940,Item{id=416918721, name='JoJo's Bizarre Adventure, vol. 1', price=200, amount=1},-427725586]
17 Jan 2022 16:53:04,399 [main] ERROR ru.sfedu.comicsShop.provider.DataProviderCsv - java.lang.RuntimeException: Error parsing CSV line: 2. [-745133940,Item{id=416918721, name='JoJo's Bizarre Adventure, vol. 1', price=200, amount=1},-427725586]
17 Jan 2022 16:53:29,867 [main] ERROR ru.sfedu.comicsShop.provider.DataProviderCsv - java.lang.RuntimeException: Error parsing CSV line: 2. [-342784231,Item{id=309583741, name='JoJo's Bizarre Adventure, vol. 1', price=200, amount=1},124658838]
17 Jan 2022 16:53:29,879 [main] ERROR ru.sfedu.comicsShop.provider.DataProviderCsv - java.lang.RuntimeException: Error parsing CSV line: 2. [-342784231,Item{id=309583741, name='JoJo's Bizarre Adventure, vol. 1', price=200, amount=1},124658838]
17 Jan 2022 16:55:13,608 [main] ERROR ru.sfedu.comicsShop.provider.DataProviderCsv - java.lang.RuntimeException: Error parsing CSV line: 2. [444065278,Item{id=-287097977, name='JoJo's Bizarre Adventure, vol. 1', price=200, amount=1},-187057748]
17 Jan 2022 16:55:13,623 [main] ERROR ru.sfedu.comicsShop.provider.DataProviderCsv - java.lang.RuntimeException: Error parsing CSV line: 2. [444065278,Item{id=-287097977, name='JoJo's Bizarre Adventure, vol. 1', price=200, amount=1},-187057748]
17 Jan 2022 16:56:26,521 [main] ERROR ru.sfedu.comicsShop.provider.DataProviderCsv - java.lang.RuntimeException: Error parsing CSV line: 2. [717883625,Item{id=-239584706, name='JoJo's Bizarre Adventure, vol. 1', price=200, amount=1},-174512556]
17 Jan 2022 16:56:26,534 [main] ERROR ru.sfedu.comicsShop.provider.DataProviderCsv - java.lang.RuntimeException: Error parsing CSV line: 2. [717883625,Item{id=-239584706, name='JoJo's Bizarre Adventure, vol. 1', price=200, amount=1},-174512556]
17 Jan 2022 16:57:23,045 [main] ERROR ru.sfedu.comicsShop.provider.DataProviderCsv - java.lang.RuntimeException: Error parsing CSV line: 2. [976892921,Item{id=677929646, name='JoJo's Bizarre Adventure, vol. 1', price=200, amount=1},-942670638]
17 Jan 2022 16:57:23,058 [main] ERROR ru.sfedu.comicsShop.provider.DataProviderCsv - java.lang.RuntimeException: Error parsing CSV line: 2. [976892921,Item{id=677929646, name='JoJo's Bizarre Adventure, vol. 1', price=200, amount=1},-942670638]
17 Jan 2022 16:58:51,901 [main] ERROR ru.sfedu.comicsShop.provider.DataProviderCsv - java.lang.RuntimeException: Error parsing CSV line: 2. [-355180837,Item{id=-710193762, name='JoJo's Bizarre Adventure, vol. 1', price=200, amount=1},-841700184]
17 Jan 2022 16:58:51,914 [main] ERROR ru.sfedu.comicsShop.provider.DataProviderCsv - java.lang.RuntimeException: Error parsing CSV line: 2. [-355180837,Item{id=-710193762, name='JoJo's Bizarre Adventure, vol. 1', price=200, amount=1},-841700184]
17 Jan 2022 17:00:19,072 [main] ERROR ru.sfedu.comicsShop.provider.DataProviderCsv - java.lang.RuntimeException: Error parsing CSV line: 2. [-882407612,Item{id=728328443, name='JoJo's Bizarre Adventure, vol. 1', price=200, amount=1},991405551]
17 Jan 2022 17:00:19,087 [main] ERROR ru.sfedu.comicsShop.provider.DataProviderCsv - java.lang.RuntimeException: Error parsing CSV line: 2. [-882407612,Item{id=728328443, name='JoJo's Bizarre Adventure, vol. 1', price=200, amount=1},991405551]
